# JRE version: OpenJDK Runtime Environment (8.0_242-b01) (build 1.8.0_242-release-1644-b01)
# Java VM: OpenJDK 64-Bit Server VM (25.242-b01 mixed mode windows-amd64 compressed oops)
Heap:
 PSYoungGen      total 253440K, used 190484K [0x00000000e0000000, 0x00000000f1d80000, 0x0000000100000000)
  eden space 217600K, 86% used [0x00000000e0000000,0x00000000eb875128,0x00000000ed480000)
  from space 35840K, 4% used [0x00000000ef800000,0x00000000ef990000,0x00000000f1b00000)
  to   space 36352K, 0% used [0x00000000ed480000,0x00000000ed480000,0x00000000ef800000)
 ParOldGen       total 188416K, used 79618K [0x00000000a0000000, 0x00000000ab800000, 0x00000000e0000000)
  object space 188416K, 42% used [0x00000000a0000000,0x00000000a4dc09f0,0x00000000ab800000)
 Metaspace       used 111291K, capacity 116769K, committed 117032K, reserved 1150976K
  class space    used 14265K, capacity 15356K, committed 15400K, reserved 1048576K
GC Heap History (10 events):
Event: 662.707 GC heap before
{Heap before GC invocations=38 (full 4):
 PSYoungGen      total 198144K, used 183993K [0x00000000e0000000, 0x00000000ef900000, 0x0000000100000000)
  eden space 163840K, 100% used [0x00000000e0000000,0x00000000ea000000,0x00000000ea000000)
  from space 34304K, 58% used [0x00000000ea000000,0x00000000eb3ae5e0,0x00000000ec180000)
  to   space 34304K, 0% used [0x00000000ed780000,0x00000000ed780000,0x00000000ef900000)
 ParOldGen       total 188416K, used 58260K [0x00000000a0000000, 0x00000000ab800000, 0x00000000e0000000)
  object space 188416K, 30% used [0x00000000a0000000,0x00000000a38e5030,0x00000000ab800000)
 Metaspace       used 110936K, capacity 116449K, committed 116520K, reserved 1150976K
  class space    used 14251K, capacity 15346K, committed 15400K, reserved 1048576K
Event: 662.798 GC heap after
Heap after GC invocations=38 (full 4):
 PSYoungGen      total 220672K, used 20788K [0x00000000e0000000, 0x00000000efc00000, 0x0000000100000000)
  eden space 186368K, 0% used [0x00000000e0000000,0x00000000e0000000,0x00000000eb600000)
  from space 34304K, 60% used [0x00000000ed780000,0x00000000eebcd3c8,0x00000000ef900000)
  to   space 34304K, 0% used [0x00000000eb600000,0x00000000eb600000,0x00000000ed780000)
 ParOldGen       total 188416K, used 58260K [0x00000000a0000000, 0x00000000ab800000, 0x00000000e0000000)
  object space 188416K, 30% used [0x00000000a0000000,0x00000000a38e5030,0x00000000ab800000)
 Metaspace       used 110936K, capacity 116449K, committed 116520K, reserved 1150976K
  class space    used 14251K, capacity 15346K, committed 15400K, reserved 1048576K
}
Event: 665.345 GC heap before
{Heap before GC invocations=39 (full 4):
 PSYoungGen      total 220672K, used 207156K [0x00000000e0000000, 0x00000000efc00000, 0x0000000100000000)
  eden space 186368K, 100% used [0x00000000e0000000,0x00000000eb600000,0x00000000eb600000)
  from space 34304K, 60% used [0x00000000ed780000,0x00000000eebcd3c8,0x00000000ef900000)
  to   space 34304K, 0% used [0x00000000eb600000,0x00000000eb600000,0x00000000ed780000)
 ParOldGen       total 188416K, used 58260K [0x00000000a0000000, 0x00000000ab800000, 0x00000000e0000000)
  object space 188416K, 30% used [0x00000000a0000000,0x00000000a38e5030,0x00000000ab800000)
 Metaspace       used 110968K, capacity 116473K, committed 116776K, reserved 1150976K
  class space    used 14253K, capacity 15350K, committed 15400K, reserved 1048576K
Event: 665.442 GC heap after
Heap after GC invocations=39 (full 4):
 PSYoungGen      total 220672K, used 24888K [0x00000000e0000000, 0x00000000f1b00000, 0x0000000100000000)
  eden space 186368K, 0% used [0x00000000e0000000,0x00000000e0000000,0x00000000eb600000)
  from space 34304K, 72% used [0x00000000eb600000,0x00000000ece4e2c8,0x00000000ed780000)
  to   space 35840K, 0% used [0x00000000ef800000,0x00000000ef800000,0x00000000f1b00000)
 ParOldGen       total 188416K, used 64481K [0x00000000a0000000, 0x00000000ab800000, 0x00000000e0000000)
  object space 188416K, 34% used [0x00000000a0000000,0x00000000a3ef8770,0x00000000ab800000)
 Metaspace       used 110968K, capacity 116473K, committed 116776K, reserved 1150976K
  class space    used 14253K, capacity 15350K, committed 15400K, reserved 1048576K
}
Event: 668.139 GC heap before
{Heap before GC invocations=40 (full 4):
 PSYoungGen      total 220672K, used 211256K [0x00000000e0000000, 0x00000000f1b00000, 0x0000000100000000)
  eden space 186368K, 100% used [0x00000000e0000000,0x00000000eb600000,0x00000000eb600000)
  from space 34304K, 72% used [0x00000000eb600000,0x00000000ece4e2c8,0x00000000ed780000)
  to   space 35840K, 0% used [0x00000000ef800000,0x00000000ef800000,0x00000000f1b00000)
 ParOldGen       total 188416K, used 64481K [0x00000000a0000000, 0x00000000ab800000, 0x00000000e0000000)
  object space 188416K, 34% used [0x00000000a0000000,0x00000000a3ef8770,0x00000000ab800000)
 Metaspace       used 111030K, capacity 116537K, committed 116776K, reserved 1150976K
  class space    used 14261K, capacity 15350K, committed 15400K, reserved 1048576K
Event: 668.254 GC heap after
Heap after GC invocations=40 (full 4):
 PSYoungGen      total 253440K, used 4429K [0x00000000e0000000, 0x00000000f1d80000, 0x0000000100000000)
  eden space 217600K, 0% used [0x00000000e0000000,0x00000000e0000000,0x00000000ed480000)
  from space 35840K, 12% used [0x00000000ef800000,0x00000000efc53550,0x00000000f1b00000)
  to   space 36352K, 0% used [0x00000000ed480000,0x00000000ed480000,0x00000000ef800000)
 ParOldGen       total 188416K, used 73530K [0x00000000a0000000, 0x00000000ab800000, 0x00000000e0000000)
  object space 188416K, 39% used [0x00000000a0000000,0x00000000a47cea30,0x00000000ab800000)
 Metaspace       used 111030K, capacity 116537K, committed 116776K, reserved 1150976K
  class space    used 14261K, capacity 15350K, committed 15400K, reserved 1048576K
}
Event: 672.254 GC heap before
{Heap before GC invocations=41 (full 4):
 PSYoungGen      total 253440K, used 222029K [0x00000000e0000000, 0x00000000f1d80000, 0x0000000100000000)
  eden space 217600K, 100% used [0x00000000e0000000,0x00000000ed480000,0x00000000ed480000)
  from space 35840K, 12% used [0x00000000ef800000,0x00000000efc53550,0x00000000f1b00000)
  to   space 36352K, 0% used [0x00000000ed480000,0x00000000ed480000,0x00000000ef800000)
 ParOldGen       total 188416K, used 73530K [0x00000000a0000000, 0x00000000ab800000, 0x00000000e0000000)
  object space 188416K, 39% used [0x00000000a0000000,0x00000000a47cea30,0x00000000ab800000)
 Metaspace       used 111175K, capacity 116695K, committed 116776K, reserved 1150976K
  class space    used 14264K, capacity 15355K, committed 15400K, reserved 1048576K
Event: 672.307 GC heap after
Heap after GC invocations=41 (full 4):
 PSYoungGen      total 253952K, used 7278K [0x00000000e0000000, 0x00000000f1d80000, 0x0000000100000000)
  eden space 217600K, 0% used [0x00000000e0000000,0x00000000e0000000,0x00000000ed480000)
  from space 36352K, 20% used [0x00000000ed480000,0x00000000edb9b8e8,0x00000000ef800000)
  to   space 35840K, 0% used [0x00000000ef800000,0x00000000ef800000,0x00000000f1b00000)
 ParOldGen       total 188416K, used 74246K [0x00000000a0000000, 0x00000000ab800000, 0x00000000e0000000)
  object space 188416K, 39% used [0x00000000a0000000,0x00000000a4881a50,0x00000000ab800000)
 Metaspace       used 111175K, capacity 116695K, committed 116776K, reserved 1150976K
  class space    used 14264K, capacity 15355K, committed 15400K, reserved 1048576K
}
Event: 675.731 GC heap before
{Heap before GC invocations=42 (full 4):
 PSYoungGen      total 253952K, used 224878K [0x00000000e0000000, 0x00000000f1d80000, 0x0000000100000000)
  eden space 217600K, 100% used [0x00000000e0000000,0x00000000ed480000,0x00000000ed480000)
  from space 36352K, 20% used [0x00000000ed480000,0x00000000edb9b8e8,0x00000000ef800000)
  to   space 35840K, 0% used [0x00000000ef800000,0x00000000ef800000,0x00000000f1b00000)
 ParOldGen       total 188416K, used 74246K [0x00000000a0000000, 0x00000000ab800000, 0x00000000e0000000)
  object space 188416K, 39% used [0x00000000a0000000,0x00000000a4881a50,0x00000000ab800000)
 Metaspace       used 111273K, capacity 116769K, committed 117032K, reserved 1150976K
  class space    used 14265K, capacity 15356K, committed 15400K, reserved 1048576K
Event: 675.784 GC heap after
Heap after GC invocations=42 (full 4):
 PSYoungGen      total 253440K, used 1600K [0x00000000e0000000, 0x00000000f1d80000, 0x0000000100000000)
  eden space 217600K, 0% used [0x00000000e0000000,0x00000000e0000000,0x00000000ed480000)
  from space 35840K, 4% used [0x00000000ef800000,0x00000000ef990000,0x00000000f1b00000)
  to   space 36352K, 0% used [0x00000000ed480000,0x00000000ed480000,0x00000000ef800000)
 ParOldGen       total 188416K, used 79618K [0x00000000a0000000, 0x00000000ab800000, 0x00000000e0000000)
  object space 188416K, 42% used [0x00000000a0000000,0x00000000a4dc09f0,0x00000000ab800000)
 Metaspace       used 111273K, capacity 116769K, committed 117032K, reserved 1150976K
  class space    used 14265K, capacity 15356K, committed 15400K, reserved 1048576K
}

